19-04-12 12:12:50:Error at file[/var/www/html/swoole/easyswoole/App/HttpController/Api/Index.php] line[37] message:[Undefined index: cat_id]
19-04-12 12:12:50:Error at file[/var/www/html/swoole/easyswoole/App/HttpController/Api/Index.php] line[38] message:[Undefined index: cat_id]
19-04-12 16:42:00:Exception at file[/var/www/html/swoole/easyswoole/App/Lib/Cache/Video.php] line[31] message:[Call to undefined method App\Model\Video::getVideoCacheData()]
19-04-12 16:44:00:Exception at file[/var/www/html/swoole/easyswoole/App/Lib/Cache/Video.php] line[31] message:[Call to undefined method App\Model\Video::getVideoCacheData()]
19-04-12 16:45:00:Exception at file[/var/www/html/swoole/easyswoole/App/Lib/Cache/Video.php] line[31] message:[Call to undefined method App\Model\Video::getVideoCacheData()]
19-04-12 17:07:12:Error at file[/var/www/html/swoole/easyswoole/App/Lib/Cache/Video.php] line[48] message:[syntax error, unexpected '}', expecting end of file]
19-04-12 17:07:21:Error at file[/var/www/html/swoole/easyswoole/App/Lib/Cache/Video.php] line[48] message:[syntax error, unexpected '}', expecting end of file]
19-04-12 17:10:00:Exception at file[/var/www/html/swoole/easyswoole/App/Lib/Cache/Video.php] line[31] message:[Call to undefined method App\Model\Video::getVideoCacheData()]
19-04-12 17:11:00:Exception at file[/var/www/html/swoole/easyswoole/App/Lib/Cache/Video.php] line[31] message:[Call to undefined method App\Model\Video::getVideoCacheData()]
19-04-12 17:12:00:Exception at file[/var/www/html/swoole/easyswoole/App/Lib/Cache/Video.php] line[31] message:[Call to undefined method App\Model\Video::getVideoCacheData()]
19-04-12 17:13:00:Exception at file[/var/www/html/swoole/easyswoole/App/Lib/Cache/Video.php] line[31] message:[Call to undefined method App\Model\Video::getVideoCacheData()]
19-04-13 10:53:43:Error at file[/var/www/html/swoole/easyswoole/vendor/easyswoole/easyswoole/src/Core/Swoole/ServerManager.php] line[67] message:[Swoole\Server::start(): failed to create the server. Error: swServer_create (ERROR 9001): The swoole_server must create before client]
19-04-13 15:52:18:Error at file[/var/www/html/swoole/easyswoole/App/HttpController/Api/Index.php] line[80] message:[count(): Parameter must be an array or an object that implements Countable]
19-04-13 15:52:18:Error at file[/var/www/html/swoole/easyswoole/App/HttpController/Api/Base.php] line[89] message:[array_slice() expects parameter 1 to be array, string given]
19-04-13 15:52:29:Exception at file[/var/www/html/swoole/easyswoole/App/Lib/Redis/Redis.php] line[71] message:[read error on connection]
19-04-13 16:11:30:Exception at file[/var/www/html/swoole/easyswoole/App/Lib/Cache/Video.php] line[21] message:[swoole exit.]
19-04-13 16:11:30:Exception at file[/var/www/html/swoole/easyswoole/App/Lib/Cache/Video.php] line[21] message:[swoole exit.]
19-04-13 16:11:30:Exception at file[/var/www/html/swoole/easyswoole/App/Lib/Cache/Video.php] line[21] message:[swoole exit.]
19-04-13 16:11:30:Exception at file[/var/www/html/swoole/easyswoole/App/Lib/Cache/Video.php] line[21] message:[swoole exit.]
19-04-13 16:11:30:Exception at file[/var/www/html/swoole/easyswoole/App/Lib/Cache/Video.php] line[21] message:[swoole exit.]
19-04-13 16:11:30:Exception at file[/var/www/html/swoole/easyswoole/App/Lib/Cache/Video.php] line[21] message:[swoole exit.]
19-04-13 16:11:30:Exception at file[/var/www/html/swoole/easyswoole/App/Lib/Cache/Video.php] line[21] message:[swoole exit.]
19-04-13 16:11:30:Exception at file[/var/www/html/swoole/easyswoole/App/Lib/Cache/Video.php] line[21] message:[swoole exit.]
19-04-13 16:11:30:Exception at file[/var/www/html/swoole/easyswoole/App/Lib/Cache/Video.php] line[21] message:[swoole exit.]
19-04-13 16:11:30:Exception at file[/var/www/html/swoole/easyswoole/App/Lib/Cache/Video.php] line[21] message:[swoole exit.]
19-04-13 16:11:30:Exception at file[/var/www/html/swoole/easyswoole/App/Lib/Cache/Video.php] line[21] message:[swoole exit.]
19-04-13 16:11:30:Exception at file[/var/www/html/swoole/easyswoole/App/Lib/Cache/Video.php] line[21] message:[swoole exit.]
19-04-13 16:11:30:Exception at file[/var/www/html/swoole/easyswoole/App/Lib/Cache/Video.php] line[21] message:[swoole exit.]
19-04-13 16:11:30:Exception at file[/var/www/html/swoole/easyswoole/App/Lib/Cache/Video.php] line[21] message:[swoole exit.]
19-04-13 16:11:30:Exception at file[/var/www/html/swoole/easyswoole/App/Lib/Cache/Video.php] line[21] message:[swoole exit.]
19-04-13 16:11:30:Exception at file[/var/www/html/swoole/easyswoole/App/Lib/Cache/Video.php] line[21] message:[swoole exit.]
19-04-13 16:11:31:Exception at file[/var/www/html/swoole/easyswoole/App/Lib/Cache/Video.php] line[21] message:[swoole exit.]
19-04-13 16:11:31:Exception at file[/var/www/html/swoole/easyswoole/App/Lib/Cache/Video.php] line[21] message:[swoole exit.]
19-04-13 16:11:31:Exception at file[/var/www/html/swoole/easyswoole/App/Lib/Cache/Video.php] line[21] message:[swoole exit.]
19-04-13 16:11:31:Exception at file[/var/www/html/swoole/easyswoole/App/Lib/Cache/Video.php] line[21] message:[swoole exit.]
19-04-13 16:11:31:Exception at file[/var/www/html/swoole/easyswoole/App/Lib/Cache/Video.php] line[21] message:[swoole exit.]
19-04-13 16:11:31:Exception at file[/var/www/html/swoole/easyswoole/App/Lib/Cache/Video.php] line[21] message:[swoole exit.]
19-04-13 16:11:31:Exception at file[/var/www/html/swoole/easyswoole/App/Lib/Cache/Video.php] line[21] message:[swoole exit.]
19-04-13 16:11:31:Exception at file[/var/www/html/swoole/easyswoole/App/Lib/Cache/Video.php] line[21] message:[swoole exit.]
19-04-13 16:11:31:Exception at file[/var/www/html/swoole/easyswoole/App/Lib/Cache/Video.php] line[21] message:[swoole exit.]
19-04-13 16:11:31:Exception at file[/var/www/html/swoole/easyswoole/App/Lib/Cache/Video.php] line[21] message:[swoole exit.]
19-04-13 16:11:31:Exception at file[/var/www/html/swoole/easyswoole/App/Lib/Cache/Video.php] line[21] message:[swoole exit.]
19-04-13 16:11:31:Exception at file[/var/www/html/swoole/easyswoole/App/Lib/Cache/Video.php] line[21] message:[swoole exit.]
19-04-13 16:11:31:Exception at file[/var/www/html/swoole/easyswoole/App/Lib/Cache/Video.php] line[21] message:[swoole exit.]
19-04-13 16:11:31:Exception at file[/var/www/html/swoole/easyswoole/App/Lib/Cache/Video.php] line[21] message:[swoole exit.]
19-04-13 16:11:31:Exception at file[/var/www/html/swoole/easyswoole/App/Lib/Cache/Video.php] line[21] message:[swoole exit.]
19-04-13 16:11:31:Exception at file[/var/www/html/swoole/easyswoole/App/Lib/Cache/Video.php] line[21] message:[swoole exit.]
19-04-13 16:11:32:Exception at file[/var/www/html/swoole/easyswoole/App/Lib/Cache/Video.php] line[21] message:[swoole exit.]
19-04-13 16:11:32:Exception at file[/var/www/html/swoole/easyswoole/App/Lib/Cache/Video.php] line[21] message:[swoole exit.]
19-04-13 16:11:32:Exception at file[/var/www/html/swoole/easyswoole/App/Lib/Cache/Video.php] line[21] message:[swoole exit.]
19-04-13 16:11:32:Exception at file[/var/www/html/swoole/easyswoole/App/Lib/Cache/Video.php] line[21] message:[swoole exit.]
19-04-13 16:11:32:Exception at file[/var/www/html/swoole/easyswoole/App/Lib/Cache/Video.php] line[21] message:[swoole exit.]
19-04-13 16:11:32:Exception at file[/var/www/html/swoole/easyswoole/App/Lib/Cache/Video.php] line[21] message:[swoole exit.]
19-04-13 16:11:32:Exception at file[/var/www/html/swoole/easyswoole/App/Lib/Cache/Video.php] line[21] message:[swoole exit.]
19-04-13 16:11:32:Exception at file[/var/www/html/swoole/easyswoole/App/Lib/Cache/Video.php] line[21] message:[swoole exit.]
19-04-13 16:11:32:Exception at file[/var/www/html/swoole/easyswoole/App/Lib/Cache/Video.php] line[21] message:[swoole exit.]
19-04-13 16:11:32:Exception at file[/var/www/html/swoole/easyswoole/App/Lib/Cache/Video.php] line[21] message:[swoole exit.]
19-04-13 16:11:32:Exception at file[/var/www/html/swoole/easyswoole/App/Lib/Cache/Video.php] line[21] message:[swoole exit.]
19-04-13 16:11:32:Exception at file[/var/www/html/swoole/easyswoole/App/Lib/Cache/Video.php] line[21] message:[swoole exit.]
19-04-13 16:11:32:Exception at file[/var/www/html/swoole/easyswoole/App/Lib/Cache/Video.php] line[21] message:[swoole exit.]
19-04-13 16:11:32:Exception at file[/var/www/html/swoole/easyswoole/App/Lib/Cache/Video.php] line[21] message:[swoole exit.]
19-04-13 16:11:32:Exception at file[/var/www/html/swoole/easyswoole/App/Lib/Cache/Video.php] line[21] message:[swoole exit.]
19-04-13 16:11:32:Exception at file[/var/www/html/swoole/easyswoole/App/Lib/Cache/Video.php] line[21] message:[swoole exit.]
19-04-13 16:11:33:Exception at file[/var/www/html/swoole/easyswoole/App/Lib/Cache/Video.php] line[21] message:[swoole exit.]
19-04-13 16:11:33:Exception at file[/var/www/html/swoole/easyswoole/App/Lib/Cache/Video.php] line[21] message:[swoole exit.]
19-04-13 16:11:33:Exception at file[/var/www/html/swoole/easyswoole/App/Lib/Cache/Video.php] line[21] message:[swoole exit.]
19-04-13 16:11:33:Exception at file[/var/www/html/swoole/easyswoole/App/Lib/Cache/Video.php] line[21] message:[swoole exit.]
19-04-13 16:11:33:Exception at file[/var/www/html/swoole/easyswoole/App/Lib/Cache/Video.php] line[21] message:[swoole exit.]
19-04-13 16:11:33:Exception at file[/var/www/html/swoole/easyswoole/App/Lib/Cache/Video.php] line[21] message:[swoole exit.]
19-04-13 16:11:33:Exception at file[/var/www/html/swoole/easyswoole/App/Lib/Cache/Video.php] line[21] message:[swoole exit.]
19-04-13 16:11:33:Exception at file[/var/www/html/swoole/easyswoole/App/Lib/Cache/Video.php] line[21] message:[swoole exit.]
19-04-13 16:11:33:Exception at file[/var/www/html/swoole/easyswoole/App/Lib/Cache/Video.php] line[21] message:[swoole exit.]
19-04-13 16:11:33:Exception at file[/var/www/html/swoole/easyswoole/App/Lib/Cache/Video.php] line[21] message:[swoole exit.]
19-04-13 16:11:33:Exception at file[/var/www/html/swoole/easyswoole/App/Lib/Cache/Video.php] line[21] message:[swoole exit.]
19-04-13 16:11:33:Exception at file[/var/www/html/swoole/easyswoole/App/Lib/Cache/Video.php] line[21] message:[swoole exit.]
19-04-13 16:11:33:Exception at file[/var/www/html/swoole/easyswoole/App/Lib/Cache/Video.php] line[21] message:[swoole exit.]
19-04-13 16:11:33:Exception at file[/var/www/html/swoole/easyswoole/App/Lib/Cache/Video.php] line[21] message:[swoole exit.]
19-04-13 16:11:33:Exception at file[/var/www/html/swoole/easyswoole/App/Lib/Cache/Video.php] line[21] message:[swoole exit.]
19-04-13 16:11:33:Exception at file[/var/www/html/swoole/easyswoole/App/Lib/Cache/Video.php] line[21] message:[swoole exit.]
19-04-13 16:11:34:Exception at file[/var/www/html/swoole/easyswoole/App/Lib/Cache/Video.php] line[21] message:[swoole exit.]
19-04-13 16:11:34:Exception at file[/var/www/html/swoole/easyswoole/App/Lib/Cache/Video.php] line[21] message:[swoole exit.]
19-04-13 16:11:34:Exception at file[/var/www/html/swoole/easyswoole/App/Lib/Cache/Video.php] line[21] message:[swoole exit.]
19-04-13 16:11:34:Exception at file[/var/www/html/swoole/easyswoole/App/Lib/Cache/Video.php] line[21] message:[swoole exit.]
19-04-13 16:11:34:Exception at file[/var/www/html/swoole/easyswoole/App/Lib/Cache/Video.php] line[21] message:[swoole exit.]
19-04-13 16:11:34:Exception at file[/var/www/html/swoole/easyswoole/App/Lib/Cache/Video.php] line[21] message:[swoole exit.]
19-04-13 16:11:34:Exception at file[/var/www/html/swoole/easyswoole/App/Lib/Cache/Video.php] line[21] message:[swoole exit.]
19-04-13 16:11:34:Exception at file[/var/www/html/swoole/easyswoole/App/Lib/Cache/Video.php] line[21] message:[swoole exit.]
19-04-13 16:11:34:Exception at file[/var/www/html/swoole/easyswoole/App/Lib/Cache/Video.php] line[21] message:[swoole exit.]
19-04-13 16:11:34:Exception at file[/var/www/html/swoole/easyswoole/App/Lib/Cache/Video.php] line[21] message:[swoole exit.]
19-04-13 16:11:34:Exception at file[/var/www/html/swoole/easyswoole/App/Lib/Cache/Video.php] line[21] message:[swoole exit.]
19-04-13 16:11:34:Exception at file[/var/www/html/swoole/easyswoole/App/Lib/Cache/Video.php] line[21] message:[swoole exit.]
19-04-13 16:11:34:Exception at file[/var/www/html/swoole/easyswoole/App/Lib/Cache/Video.php] line[21] message:[swoole exit.]
19-04-13 16:12:10:Error at file[/var/www/html/swoole/easyswoole/App/Lib/Cache/Video.php] line[23] message:[array_unshift() expects parameter 1 to be array, null given]
19-04-13 16:12:10:Error at file[/var/www/html/swoole/easyswoole/App/Lib/Cache/Video.php] line[28] message:[Invalid argument supplied for foreach()]
19-04-13 16:12:10:Error at file[/var/www/html/swoole/easyswoole/App/Lib/Cache/Video.php] line[23] message:[array_unshift() expects parameter 1 to be array, null given]
19-04-13 16:12:10:Error at file[/var/www/html/swoole/easyswoole/App/Lib/Cache/Video.php] line[28] message:[Invalid argument supplied for foreach()]
19-04-13 16:12:10:Error at file[/var/www/html/swoole/easyswoole/App/Lib/Cache/Video.php] line[23] message:[array_unshift() expects parameter 1 to be array, null given]
19-04-13 16:12:10:Error at file[/var/www/html/swoole/easyswoole/App/Lib/Cache/Video.php] line[28] message:[Invalid argument supplied for foreach()]
19-04-13 16:12:10:Error at file[/var/www/html/swoole/easyswoole/App/Lib/Cache/Video.php] line[23] message:[array_unshift() expects parameter 1 to be array, null given]
19-04-13 16:12:10:Error at file[/var/www/html/swoole/easyswoole/App/Lib/Cache/Video.php] line[28] message:[Invalid argument supplied for foreach()]
19-04-13 16:12:10:Error at file[/var/www/html/swoole/easyswoole/App/Lib/Cache/Video.php] line[23] message:[array_unshift() expects parameter 1 to be array, null given]
19-04-13 16:12:10:Error at file[/var/www/html/swoole/easyswoole/App/Lib/Cache/Video.php] line[28] message:[Invalid argument supplied for foreach()]
19-04-13 16:12:10:Error at file[/var/www/html/swoole/easyswoole/App/Lib/Cache/Video.php] line[23] message:[array_unshift() expects parameter 1 to be array, null given]
19-04-13 16:12:10:Error at file[/var/www/html/swoole/easyswoole/App/Lib/Cache/Video.php] line[28] message:[Invalid argument supplied for foreach()]
19-04-13 16:12:10:Error at file[/var/www/html/swoole/easyswoole/App/Lib/Cache/Video.php] line[23] message:[array_unshift() expects parameter 1 to be array, null given]
19-04-13 16:12:10:Error at file[/var/www/html/swoole/easyswoole/App/Lib/Cache/Video.php] line[23] message:[array_unshift() expects parameter 1 to be array, null given]
19-04-13 16:12:10:Error at file[/var/www/html/swoole/easyswoole/App/Lib/Cache/Video.php] line[28] message:[Invalid argument supplied for foreach()]
19-04-13 16:12:10:Error at file[/var/www/html/swoole/easyswoole/App/Lib/Cache/Video.php] line[23] message:[array_unshift() expects parameter 1 to be array, null given]
19-04-13 16:12:10:Error at file[/var/www/html/swoole/easyswoole/App/Lib/Cache/Video.php] line[23] message:[array_unshift() expects parameter 1 to be array, null given]
19-04-13 16:12:10:Error at file[/var/www/html/swoole/easyswoole/App/Lib/Cache/Video.php] line[28] message:[Invalid argument supplied for foreach()]
19-04-13 16:12:10:Error at file[/var/www/html/swoole/easyswoole/App/Lib/Cache/Video.php] line[23] message:[array_unshift() expects parameter 1 to be array, null given]
19-04-13 16:12:10:Error at file[/var/www/html/swoole/easyswoole/App/Lib/Cache/Video.php] line[28] message:[Invalid argument supplied for foreach()]
19-04-13 16:12:10:Error at file[/var/www/html/swoole/easyswoole/App/Lib/Cache/Video.php] line[28] message:[Invalid argument supplied for foreach()]
19-04-13 16:12:10:Error at file[/var/www/html/swoole/easyswoole/App/Lib/Cache/Video.php] line[23] message:[array_unshift() expects parameter 1 to be array, null given]
19-04-13 16:12:10:Error at file[/var/www/html/swoole/easyswoole/App/Lib/Cache/Video.php] line[28] message:[Invalid argument supplied for foreach()]
19-04-13 16:12:10:Error at file[/var/www/html/swoole/easyswoole/App/Lib/Cache/Video.php] line[23] message:[array_unshift() expects parameter 1 to be array, null given]
19-04-13 16:12:10:Error at file[/var/www/html/swoole/easyswoole/App/Lib/Cache/Video.php] line[28] message:[Invalid argument supplied for foreach()]
19-04-13 16:12:10:Error at file[/var/www/html/swoole/easyswoole/App/Lib/Cache/Video.php] line[23] message:[array_unshift() expects parameter 1 to be array, null given]
19-04-13 16:12:10:Error at file[/var/www/html/swoole/easyswoole/App/Lib/Cache/Video.php] line[28] message:[Invalid argument supplied for foreach()]
19-04-13 16:12:10:Error at file[/var/www/html/swoole/easyswoole/App/Lib/Cache/Video.php] line[23] message:[array_unshift() expects parameter 1 to be array, null given]
19-04-13 16:12:10:Error at file[/var/www/html/swoole/easyswoole/App/Lib/Cache/Video.php] line[23] message:[array_unshift() expects parameter 1 to be array, null given]
19-04-13 16:12:10:Error at file[/var/www/html/swoole/easyswoole/App/Lib/Cache/Video.php] line[28] message:[Invalid argument supplied for foreach()]
19-04-13 16:12:10:Error at file[/var/www/html/swoole/easyswoole/App/Lib/Cache/Video.php] line[28] message:[Invalid argument supplied for foreach()]
19-04-13 16:12:11:Error at file[/var/www/html/swoole/easyswoole/App/Lib/Cache/Video.php] line[23] message:[array_unshift() expects parameter 1 to be array, null given]
19-04-13 16:12:11:Error at file[/var/www/html/swoole/easyswoole/App/Lib/Cache/Video.php] line[28] message:[Invalid argument supplied for foreach()]
19-04-13 16:12:11:Error at file[/var/www/html/swoole/easyswoole/App/Lib/Cache/Video.php] line[23] message:[array_unshift() expects parameter 1 to be array, null given]
19-04-13 16:12:11:Error at file[/var/www/html/swoole/easyswoole/App/Lib/Cache/Video.php] line[28] message:[Invalid argument supplied for foreach()]
19-04-13 16:12:11:Error at file[/var/www/html/swoole/easyswoole/App/Lib/Cache/Video.php] line[23] message:[array_unshift() expects parameter 1 to be array, null given]
19-04-13 16:12:11:Error at file[/var/www/html/swoole/easyswoole/App/Lib/Cache/Video.php] line[28] message:[Invalid argument supplied for foreach()]
19-04-13 16:12:11:Error at file[/var/www/html/swoole/easyswoole/App/Lib/Cache/Video.php] line[23] message:[array_unshift() expects parameter 1 to be array, null given]
19-04-13 16:12:11:Error at file[/var/www/html/swoole/easyswoole/App/Lib/Cache/Video.php] line[28] message:[Invalid argument supplied for foreach()]
19-04-13 16:12:11:Error at file[/var/www/html/swoole/easyswoole/App/Lib/Cache/Video.php] line[23] message:[array_unshift() expects parameter 1 to be array, null given]
19-04-13 16:12:11:Error at file[/var/www/html/swoole/easyswoole/App/Lib/Cache/Video.php] line[28] message:[Invalid argument supplied for foreach()]
19-04-13 16:12:11:Error at file[/var/www/html/swoole/easyswoole/App/Lib/Cache/Video.php] line[23] message:[array_unshift() expects parameter 1 to be array, null given]
19-04-13 16:12:11:Error at file[/var/www/html/swoole/easyswoole/App/Lib/Cache/Video.php] line[28] message:[Invalid argument supplied for foreach()]
19-04-13 16:12:11:Error at file[/var/www/html/swoole/easyswoole/App/Lib/Cache/Video.php] line[23] message:[array_unshift() expects parameter 1 to be array, null given]
19-04-13 16:12:11:Error at file[/var/www/html/swoole/easyswoole/App/Lib/Cache/Video.php] line[28] message:[Invalid argument supplied for foreach()]
19-04-13 16:12:11:Error at file[/var/www/html/swoole/easyswoole/App/Lib/Cache/Video.php] line[23] message:[array_unshift() expects parameter 1 to be array, null given]
19-04-13 16:12:11:Error at file[/var/www/html/swoole/easyswoole/App/Lib/Cache/Video.php] line[23] message:[array_unshift() expects parameter 1 to be array, null given]
19-04-13 16:12:11:Error at file[/var/www/html/swoole/easyswoole/App/Lib/Cache/Video.php] line[23] message:[array_unshift() expects parameter 1 to be array, null given]
19-04-13 16:12:11:Error at file[/var/www/html/swoole/easyswoole/App/Lib/Cache/Video.php] line[28] message:[Invalid argument supplied for foreach()]
19-04-13 16:12:11:Error at file[/var/www/html/swoole/easyswoole/App/Lib/Cache/Video.php] line[28] message:[Invalid argument supplied for foreach()]
19-04-13 16:12:11:Error at file[/var/www/html/swoole/easyswoole/App/Lib/Cache/Video.php] line[28] message:[Invalid argument supplied for foreach()]
19-04-13 16:12:11:Error at file[/var/www/html/swoole/easyswoole/App/Lib/Cache/Video.php] line[23] message:[array_unshift() expects parameter 1 to be array, null given]
19-04-13 16:12:11:Error at file[/var/www/html/swoole/easyswoole/App/Lib/Cache/Video.php] line[28] message:[Invalid argument supplied for foreach()]
19-04-13 16:12:11:Error at file[/var/www/html/swoole/easyswoole/App/Lib/Cache/Video.php] line[23] message:[array_unshift() expects parameter 1 to be array, null given]
19-04-13 16:12:11:Error at file[/var/www/html/swoole/easyswoole/App/Lib/Cache/Video.php] line[28] message:[Invalid argument supplied for foreach()]
19-04-13 16:12:11:Error at file[/var/www/html/swoole/easyswoole/App/Lib/Cache/Video.php] line[23] message:[array_unshift() expects parameter 1 to be array, null given]
19-04-13 16:12:11:Error at file[/var/www/html/swoole/easyswoole/App/Lib/Cache/Video.php] line[28] message:[Invalid argument supplied for foreach()]
19-04-13 16:12:11:Error at file[/var/www/html/swoole/easyswoole/App/Lib/Cache/Video.php] line[23] message:[array_unshift() expects parameter 1 to be array, null given]
19-04-13 16:12:11:Error at file[/var/www/html/swoole/easyswoole/App/Lib/Cache/Video.php] line[28] message:[Invalid argument supplied for foreach()]
19-04-13 16:12:11:Error at file[/var/www/html/swoole/easyswoole/App/Lib/Cache/Video.php] line[23] message:[array_unshift() expects parameter 1 to be array, null given]
19-04-13 16:12:11:Error at file[/var/www/html/swoole/easyswoole/App/Lib/Cache/Video.php] line[28] message:[Invalid argument supplied for foreach()]
19-04-13 16:12:11:Error at file[/var/www/html/swoole/easyswoole/App/Lib/Cache/Video.php] line[23] message:[array_unshift() expects parameter 1 to be array, null given]
19-04-13 16:12:11:Error at file[/var/www/html/swoole/easyswoole/App/Lib/Cache/Video.php] line[28] message:[Invalid argument supplied for foreach()]
19-04-13 16:12:12:Error at file[/var/www/html/swoole/easyswoole/App/Lib/Cache/Video.php] line[23] message:[array_unshift() expects parameter 1 to be array, null given]
19-04-13 16:12:12:Error at file[/var/www/html/swoole/easyswoole/App/Lib/Cache/Video.php] line[28] message:[Invalid argument supplied for foreach()]
19-04-13 16:12:12:Error at file[/var/www/html/swoole/easyswoole/App/Lib/Cache/Video.php] line[23] message:[array_unshift() expects parameter 1 to be array, null given]
19-04-13 16:12:12:Error at file[/var/www/html/swoole/easyswoole/App/Lib/Cache/Video.php] line[28] message:[Invalid argument supplied for foreach()]
19-04-13 16:12:12:Error at file[/var/www/html/swoole/easyswoole/App/Lib/Cache/Video.php] line[23] message:[array_unshift() expects parameter 1 to be array, null given]
19-04-13 16:12:12:Error at file[/var/www/html/swoole/easyswoole/App/Lib/Cache/Video.php] line[28] message:[Invalid argument supplied for foreach()]
19-04-13 16:12:12:Error at file[/var/www/html/swoole/easyswoole/App/Lib/Cache/Video.php] line[23] message:[array_unshift() expects parameter 1 to be array, null given]
19-04-13 16:12:12:Error at file[/var/www/html/swoole/easyswoole/App/Lib/Cache/Video.php] line[28] message:[Invalid argument supplied for foreach()]
19-04-13 16:12:12:Error at file[/var/www/html/swoole/easyswoole/App/Lib/Cache/Video.php] line[23] message:[array_unshift() expects parameter 1 to be array, null given]
19-04-13 16:12:12:Error at file[/var/www/html/swoole/easyswoole/App/Lib/Cache/Video.php] line[28] message:[Invalid argument supplied for foreach()]
19-04-13 16:12:12:Error at file[/var/www/html/swoole/easyswoole/App/Lib/Cache/Video.php] line[23] message:[array_unshift() expects parameter 1 to be array, null given]
19-04-13 16:12:12:Error at file[/var/www/html/swoole/easyswoole/App/Lib/Cache/Video.php] line[28] message:[Invalid argument supplied for foreach()]
19-04-13 16:12:12:Error at file[/var/www/html/swoole/easyswoole/App/Lib/Cache/Video.php] line[23] message:[array_unshift() expects parameter 1 to be array, null given]
19-04-13 16:12:12:Error at file[/var/www/html/swoole/easyswoole/App/Lib/Cache/Video.php] line[28] message:[Invalid argument supplied for foreach()]
19-04-13 16:12:12:Error at file[/var/www/html/swoole/easyswoole/App/Lib/Cache/Video.php] line[23] message:[array_unshift() expects parameter 1 to be array, null given]
19-04-13 16:12:12:Error at file[/var/www/html/swoole/easyswoole/App/Lib/Cache/Video.php] line[28] message:[Invalid argument supplied for foreach()]
19-04-13 16:12:12:Error at file[/var/www/html/swoole/easyswoole/App/Lib/Cache/Video.php] line[23] message:[array_unshift() expects parameter 1 to be array, null given]
19-04-13 16:12:12:Error at file[/var/www/html/swoole/easyswoole/App/Lib/Cache/Video.php] line[28] message:[Invalid argument supplied for foreach()]
19-04-13 16:12:12:Error at file[/var/www/html/swoole/easyswoole/App/Lib/Cache/Video.php] line[23] message:[array_unshift() expects parameter 1 to be array, null given]
19-04-13 16:12:12:Error at file[/var/www/html/swoole/easyswoole/App/Lib/Cache/Video.php] line[28] message:[Invalid argument supplied for foreach()]
19-04-13 16:12:12:Error at file[/var/www/html/swoole/easyswoole/App/Lib/Cache/Video.php] line[23] message:[array_unshift() expects parameter 1 to be array, null given]
19-04-13 16:12:12:Error at file[/var/www/html/swoole/easyswoole/App/Lib/Cache/Video.php] line[28] message:[Invalid argument supplied for foreach()]
19-04-13 16:12:12:Error at file[/var/www/html/swoole/easyswoole/App/Lib/Cache/Video.php] line[23] message:[array_unshift() expects parameter 1 to be array, null given]
19-04-13 16:12:12:Error at file[/var/www/html/swoole/easyswoole/App/Lib/Cache/Video.php] line[28] message:[Invalid argument supplied for foreach()]
19-04-13 16:12:12:Error at file[/var/www/html/swoole/easyswoole/App/Lib/Cache/Video.php] line[23] message:[array_unshift() expects parameter 1 to be array, null given]
19-04-13 16:12:12:Error at file[/var/www/html/swoole/easyswoole/App/Lib/Cache/Video.php] line[28] message:[Invalid argument supplied for foreach()]
19-04-13 16:12:12:Error at file[/var/www/html/swoole/easyswoole/App/Lib/Cache/Video.php] line[23] message:[array_unshift() expects parameter 1 to be array, null given]
19-04-13 16:12:12:Error at file[/var/www/html/swoole/easyswoole/App/Lib/Cache/Video.php] line[28] message:[Invalid argument supplied for foreach()]
19-04-13 16:12:12:Error at file[/var/www/html/swoole/easyswoole/App/Lib/Cache/Video.php] line[23] message:[array_unshift() expects parameter 1 to be array, null given]
19-04-13 16:12:12:Error at file[/var/www/html/swoole/easyswoole/App/Lib/Cache/Video.php] line[28] message:[Invalid argument supplied for foreach()]
19-04-13 16:12:12:Error at file[/var/www/html/swoole/easyswoole/App/Lib/Cache/Video.php] line[23] message:[array_unshift() expects parameter 1 to be array, null given]
19-04-13 16:12:12:Error at file[/var/www/html/swoole/easyswoole/App/Lib/Cache/Video.php] line[28] message:[Invalid argument supplied for foreach()]
19-04-13 16:12:13:Error at file[/var/www/html/swoole/easyswoole/App/Lib/Cache/Video.php] line[23] message:[array_unshift() expects parameter 1 to be array, null given]
19-04-13 16:12:13:Error at file[/var/www/html/swoole/easyswoole/App/Lib/Cache/Video.php] line[28] message:[Invalid argument supplied for foreach()]
19-04-13 16:12:13:Error at file[/var/www/html/swoole/easyswoole/App/Lib/Cache/Video.php] line[23] message:[array_unshift() expects parameter 1 to be array, null given]
19-04-13 16:12:13:Error at file[/var/www/html/swoole/easyswoole/App/Lib/Cache/Video.php] line[28] message:[Invalid argument supplied for foreach()]
19-04-13 16:12:13:Error at file[/var/www/html/swoole/easyswoole/App/Lib/Cache/Video.php] line[23] message:[array_unshift() expects parameter 1 to be array, null given]
19-04-13 16:12:13:Error at file[/var/www/html/swoole/easyswoole/App/Lib/Cache/Video.php] line[28] message:[Invalid argument supplied for foreach()]
19-04-13 16:12:13:Error at file[/var/www/html/swoole/easyswoole/App/Lib/Cache/Video.php] line[23] message:[array_unshift() expects parameter 1 to be array, null given]
19-04-13 16:12:13:Error at file[/var/www/html/swoole/easyswoole/App/Lib/Cache/Video.php] line[28] message:[Invalid argument supplied for foreach()]
19-04-13 16:12:13:Error at file[/var/www/html/swoole/easyswoole/App/Lib/Cache/Video.php] line[23] message:[array_unshift() expects parameter 1 to be array, null given]
19-04-13 16:12:13:Error at file[/var/www/html/swoole/easyswoole/App/Lib/Cache/Video.php] line[28] message:[Invalid argument supplied for foreach()]
19-04-13 16:12:13:Error at file[/var/www/html/swoole/easyswoole/App/Lib/Cache/Video.php] line[23] message:[array_unshift() expects parameter 1 to be array, null given]
19-04-13 16:12:13:Error at file[/var/www/html/swoole/easyswoole/App/Lib/Cache/Video.php] line[28] message:[Invalid argument supplied for foreach()]
19-04-13 16:12:13:Error at file[/var/www/html/swoole/easyswoole/App/Lib/Cache/Video.php] line[23] message:[array_unshift() expects parameter 1 to be array, null given]
19-04-13 16:12:13:Error at file[/var/www/html/swoole/easyswoole/App/Lib/Cache/Video.php] line[28] message:[Invalid argument supplied for foreach()]
19-04-13 16:12:13:Error at file[/var/www/html/swoole/easyswoole/App/Lib/Cache/Video.php] line[23] message:[array_unshift() expects parameter 1 to be array, null given]
19-04-13 16:12:13:Error at file[/var/www/html/swoole/easyswoole/App/Lib/Cache/Video.php] line[28] message:[Invalid argument supplied for foreach()]
19-04-13 16:12:13:Error at file[/var/www/html/swoole/easyswoole/App/Lib/Cache/Video.php] line[23] message:[array_unshift() expects parameter 1 to be array, null given]
19-04-13 16:12:13:Error at file[/var/www/html/swoole/easyswoole/App/Lib/Cache/Video.php] line[28] message:[Invalid argument supplied for foreach()]
19-04-13 16:12:13:Error at file[/var/www/html/swoole/easyswoole/App/Lib/Cache/Video.php] line[23] message:[array_unshift() expects parameter 1 to be array, null given]
19-04-13 16:12:13:Error at file[/var/www/html/swoole/easyswoole/App/Lib/Cache/Video.php] line[28] message:[Invalid argument supplied for foreach()]
19-04-13 16:12:13:Error at file[/var/www/html/swoole/easyswoole/App/Lib/Cache/Video.php] line[23] message:[array_unshift() expects parameter 1 to be array, null given]
19-04-13 16:12:13:Error at file[/var/www/html/swoole/easyswoole/App/Lib/Cache/Video.php] line[28] message:[Invalid argument supplied for foreach()]
19-04-13 16:12:13:Error at file[/var/www/html/swoole/easyswoole/App/Lib/Cache/Video.php] line[23] message:[array_unshift() expects parameter 1 to be array, null given]
19-04-13 16:12:13:Error at file[/var/www/html/swoole/easyswoole/App/Lib/Cache/Video.php] line[28] message:[Invalid argument supplied for foreach()]
19-04-13 16:12:13:Error at file[/var/www/html/swoole/easyswoole/App/Lib/Cache/Video.php] line[23] message:[array_unshift() expects parameter 1 to be array, null given]
19-04-13 16:12:13:Error at file[/var/www/html/swoole/easyswoole/App/Lib/Cache/Video.php] line[28] message:[Invalid argument supplied for foreach()]
19-04-13 16:12:13:Error at file[/var/www/html/swoole/easyswoole/App/Lib/Cache/Video.php] line[23] message:[array_unshift() expects parameter 1 to be array, null given]
19-04-13 16:12:13:Error at file[/var/www/html/swoole/easyswoole/App/Lib/Cache/Video.php] line[28] message:[Invalid argument supplied for foreach()]
19-04-13 16:12:13:Error at file[/var/www/html/swoole/easyswoole/App/Lib/Cache/Video.php] line[23] message:[array_unshift() expects parameter 1 to be array, null given]
19-04-13 16:12:13:Error at file[/var/www/html/swoole/easyswoole/App/Lib/Cache/Video.php] line[23] message:[array_unshift() expects parameter 1 to be array, null given]
19-04-13 16:12:13:Error at file[/var/www/html/swoole/easyswoole/App/Lib/Cache/Video.php] line[28] message:[Invalid argument supplied for foreach()]
19-04-13 16:12:13:Error at file[/var/www/html/swoole/easyswoole/App/Lib/Cache/Video.php] line[28] message:[Invalid argument supplied for foreach()]
19-04-13 16:12:14:Error at file[/var/www/html/swoole/easyswoole/App/Lib/Cache/Video.php] line[23] message:[array_unshift() expects parameter 1 to be array, null given]
19-04-13 16:12:14:Error at file[/var/www/html/swoole/easyswoole/App/Lib/Cache/Video.php] line[28] message:[Invalid argument supplied for foreach()]
19-04-13 16:12:14:Error at file[/var/www/html/swoole/easyswoole/App/Lib/Cache/Video.php] line[23] message:[array_unshift() expects parameter 1 to be array, null given]
19-04-13 16:12:14:Error at file[/var/www/html/swoole/easyswoole/App/Lib/Cache/Video.php] line[28] message:[Invalid argument supplied for foreach()]
19-04-13 16:12:14:Error at file[/var/www/html/swoole/easyswoole/App/Lib/Cache/Video.php] line[23] message:[array_unshift() expects parameter 1 to be array, null given]
19-04-13 16:12:14:Error at file[/var/www/html/swoole/easyswoole/App/Lib/Cache/Video.php] line[28] message:[Invalid argument supplied for foreach()]
19-04-13 16:12:14:Error at file[/var/www/html/swoole/easyswoole/App/Lib/Cache/Video.php] line[23] message:[array_unshift() expects parameter 1 to be array, null given]
19-04-13 16:12:14:Error at file[/var/www/html/swoole/easyswoole/App/Lib/Cache/Video.php] line[28] message:[Invalid argument supplied for foreach()]
19-04-13 16:12:14:Error at file[/var/www/html/swoole/easyswoole/App/Lib/Cache/Video.php] line[23] message:[array_unshift() expects parameter 1 to be array, null given]
19-04-13 16:12:14:Error at file[/var/www/html/swoole/easyswoole/App/Lib/Cache/Video.php] line[28] message:[Invalid argument supplied for foreach()]
19-04-13 16:12:14:Error at file[/var/www/html/swoole/easyswoole/App/Lib/Cache/Video.php] line[23] message:[array_unshift() expects parameter 1 to be array, null given]
19-04-13 16:12:14:Error at file[/var/www/html/swoole/easyswoole/App/Lib/Cache/Video.php] line[28] message:[Invalid argument supplied for foreach()]
19-04-13 16:12:14:Error at file[/var/www/html/swoole/easyswoole/App/Lib/Cache/Video.php] line[23] message:[array_unshift() expects parameter 1 to be array, null given]
19-04-13 16:12:14:Error at file[/var/www/html/swoole/easyswoole/App/Lib/Cache/Video.php] line[28] message:[Invalid argument supplied for foreach()]
19-04-13 16:12:14:Error at file[/var/www/html/swoole/easyswoole/App/Lib/Cache/Video.php] line[23] message:[array_unshift() expects parameter 1 to be array, null given]
19-04-13 16:12:14:Error at file[/var/www/html/swoole/easyswoole/App/Lib/Cache/Video.php] line[28] message:[Invalid argument supplied for foreach()]
19-04-13 16:12:14:Error at file[/var/www/html/swoole/easyswoole/App/Lib/Cache/Video.php] line[23] message:[array_unshift() expects parameter 1 to be array, null given]
19-04-13 16:12:14:Error at file[/var/www/html/swoole/easyswoole/App/Lib/Cache/Video.php] line[28] message:[Invalid argument supplied for foreach()]
19-04-13 16:12:14:Error at file[/var/www/html/swoole/easyswoole/App/Lib/Cache/Video.php] line[23] message:[array_unshift() expects parameter 1 to be array, null given]
19-04-13 16:12:14:Error at file[/var/www/html/swoole/easyswoole/App/Lib/Cache/Video.php] line[28] message:[Invalid argument supplied for foreach()]
19-04-13 16:12:14:Error at file[/var/www/html/swoole/easyswoole/App/Lib/Cache/Video.php] line[23] message:[array_unshift() expects parameter 1 to be array, null given]
19-04-13 16:12:14:Error at file[/var/www/html/swoole/easyswoole/App/Lib/Cache/Video.php] line[28] message:[Invalid argument supplied for foreach()]
19-04-13 16:12:14:Error at file[/var/www/html/swoole/easyswoole/App/Lib/Cache/Video.php] line[23] message:[array_unshift() expects parameter 1 to be array, null given]
19-04-13 16:12:14:Error at file[/var/www/html/swoole/easyswoole/App/Lib/Cache/Video.php] line[28] message:[Invalid argument supplied for foreach()]
19-04-13 16:12:14:Error at file[/var/www/html/swoole/easyswoole/App/Lib/Cache/Video.php] line[23] message:[array_unshift() expects parameter 1 to be array, null given]
19-04-13 16:12:14:Error at file[/var/www/html/swoole/easyswoole/App/Lib/Cache/Video.php] line[28] message:[Invalid argument supplied for foreach()]
19-04-13 16:12:14:Error at file[/var/www/html/swoole/easyswoole/App/Lib/Cache/Video.php] line[23] message:[array_unshift() expects parameter 1 to be array, null given]
19-04-13 16:12:14:Error at file[/var/www/html/swoole/easyswoole/App/Lib/Cache/Video.php] line[23] message:[array_unshift() expects parameter 1 to be array, null given]
19-04-13 16:12:14:Error at file[/var/www/html/swoole/easyswoole/App/Lib/Cache/Video.php] line[28] message:[Invalid argument supplied for foreach()]
19-04-13 16:12:14:Error at file[/var/www/html/swoole/easyswoole/App/Lib/Cache/Video.php] line[28] message:[Invalid argument supplied for foreach()]
19-04-13 16:12:14:Error at file[/var/www/html/swoole/easyswoole/App/Lib/Cache/Video.php] line[23] message:[array_unshift() expects parameter 1 to be array, null given]
19-04-13 16:12:14:Error at file[/var/www/html/swoole/easyswoole/App/Lib/Cache/Video.php] line[28] message:[Invalid argument supplied for foreach()]
19-04-13 16:12:15:Error at file[/var/www/html/swoole/easyswoole/App/Lib/Cache/Video.php] line[23] message:[array_unshift() expects parameter 1 to be array, null given]
19-04-13 16:12:15:Error at file[/var/www/html/swoole/easyswoole/App/Lib/Cache/Video.php] line[28] message:[Invalid argument supplied for foreach()]
19-04-13 16:12:15:Error at file[/var/www/html/swoole/easyswoole/App/Lib/Cache/Video.php] line[23] message:[array_unshift() expects parameter 1 to be array, null given]
19-04-13 16:12:15:Error at file[/var/www/html/swoole/easyswoole/App/Lib/Cache/Video.php] line[28] message:[Invalid argument supplied for foreach()]
19-04-13 16:12:15:Error at file[/var/www/html/swoole/easyswoole/App/Lib/Cache/Video.php] line[23] message:[array_unshift() expects parameter 1 to be array, null given]
19-04-13 16:12:15:Error at file[/var/www/html/swoole/easyswoole/App/Lib/Cache/Video.php] line[28] message:[Invalid argument supplied for foreach()]
19-04-13 16:12:15:Error at file[/var/www/html/swoole/easyswoole/App/Lib/Cache/Video.php] line[23] message:[array_unshift() expects parameter 1 to be array, null given]
19-04-13 16:12:15:Error at file[/var/www/html/swoole/easyswoole/App/Lib/Cache/Video.php] line[28] message:[Invalid argument supplied for foreach()]
19-04-13 16:12:15:Error at file[/var/www/html/swoole/easyswoole/App/Lib/Cache/Video.php] line[23] message:[array_unshift() expects parameter 1 to be array, null given]
19-04-13 16:12:15:Error at file[/var/www/html/swoole/easyswoole/App/Lib/Cache/Video.php] line[28] message:[Invalid argument supplied for foreach()]
19-04-13 16:12:15:Error at file[/var/www/html/swoole/easyswoole/App/Lib/Cache/Video.php] line[23] message:[array_unshift() expects parameter 1 to be array, null given]
19-04-13 16:12:15:Error at file[/var/www/html/swoole/easyswoole/App/Lib/Cache/Video.php] line[28] message:[Invalid argument supplied for foreach()]
19-04-13 16:12:15:Error at file[/var/www/html/swoole/easyswoole/App/Lib/Cache/Video.php] line[23] message:[array_unshift() expects parameter 1 to be array, null given]
19-04-13 16:12:15:Error at file[/var/www/html/swoole/easyswoole/App/Lib/Cache/Video.php] line[28] message:[Invalid argument supplied for foreach()]
19-04-13 16:12:15:Error at file[/var/www/html/swoole/easyswoole/App/Lib/Cache/Video.php] line[23] message:[array_unshift() expects parameter 1 to be array, null given]
19-04-13 16:12:15:Error at file[/var/www/html/swoole/easyswoole/App/Lib/Cache/Video.php] line[28] message:[Invalid argument supplied for foreach()]
19-04-13 16:12:15:Error at file[/var/www/html/swoole/easyswoole/App/Lib/Cache/Video.php] line[23] message:[array_unshift() expects parameter 1 to be array, null given]
19-04-13 16:12:15:Error at file[/var/www/html/swoole/easyswoole/App/Lib/Cache/Video.php] line[28] message:[Invalid argument supplied for foreach()]
19-04-13 16:12:15:Error at file[/var/www/html/swoole/easyswoole/App/Lib/Cache/Video.php] line[23] message:[array_unshift() expects parameter 1 to be array, null given]
19-04-13 16:12:15:Error at file[/var/www/html/swoole/easyswoole/App/Lib/Cache/Video.php] line[28] message:[Invalid argument supplied for foreach()]
19-04-13 16:12:15:Error at file[/var/www/html/swoole/easyswoole/App/Lib/Cache/Video.php] line[23] message:[array_unshift() expects parameter 1 to be array, null given]
19-04-13 16:12:15:Error at file[/var/www/html/swoole/easyswoole/App/Lib/Cache/Video.php] line[28] message:[Invalid argument supplied for foreach()]
19-04-13 16:12:15:Error at file[/var/www/html/swoole/easyswoole/App/Lib/Cache/Video.php] line[23] message:[array_unshift() expects parameter 1 to be array, null given]
19-04-13 16:12:15:Error at file[/var/www/html/swoole/easyswoole/App/Lib/Cache/Video.php] line[28] message:[Invalid argument supplied for foreach()]
19-04-13 16:12:15:Error at file[/var/www/html/swoole/easyswoole/App/Lib/Cache/Video.php] line[23] message:[array_unshift() expects parameter 1 to be array, null given]
19-04-13 16:12:15:Error at file[/var/www/html/swoole/easyswoole/App/Lib/Cache/Video.php] line[28] message:[Invalid argument supplied for foreach()]
19-04-13 16:12:15:Error at file[/var/www/html/swoole/easyswoole/App/Lib/Cache/Video.php] line[23] message:[array_unshift() expects parameter 1 to be array, null given]
19-04-13 16:12:15:Error at file[/var/www/html/swoole/easyswoole/App/Lib/Cache/Video.php] line[28] message:[Invalid argument supplied for foreach()]
19-04-13 16:12:15:Error at file[/var/www/html/swoole/easyswoole/App/Lib/Cache/Video.php] line[23] message:[array_unshift() expects parameter 1 to be array, null given]
19-04-13 16:12:15:Error at file[/var/www/html/swoole/easyswoole/App/Lib/Cache/Video.php] line[28] message:[Invalid argument supplied for foreach()]
19-04-13 16:12:15:Error at file[/var/www/html/swoole/easyswoole/App/Lib/Cache/Video.php] line[23] message:[array_unshift() expects parameter 1 to be array, null given]
19-04-13 16:12:15:Error at file[/var/www/html/swoole/easyswoole/App/Lib/Cache/Video.php] line[28] message:[Invalid argument supplied for foreach()]
19-04-13 16:12:16:Error at file[/var/www/html/swoole/easyswoole/App/Lib/Cache/Video.php] line[23] message:[array_unshift() expects parameter 1 to be array, null given]
19-04-13 16:12:16:Error at file[/var/www/html/swoole/easyswoole/App/Lib/Cache/Video.php] line[28] message:[Invalid argument supplied for foreach()]
19-04-13 16:12:16:Error at file[/var/www/html/swoole/easyswoole/App/Lib/Cache/Video.php] line[23] message:[array_unshift() expects parameter 1 to be array, null given]
19-04-13 16:12:16:Error at file[/var/www/html/swoole/easyswoole/App/Lib/Cache/Video.php] line[28] message:[Invalid argument supplied for foreach()]
19-04-13 16:12:16:Error at file[/var/www/html/swoole/easyswoole/App/Lib/Cache/Video.php] line[23] message:[array_unshift() expects parameter 1 to be array, null given]
19-04-13 16:12:16:Error at file[/var/www/html/swoole/easyswoole/App/Lib/Cache/Video.php] line[28] message:[Invalid argument supplied for foreach()]
19-04-13 16:12:16:Error at file[/var/www/html/swoole/easyswoole/App/Lib/Cache/Video.php] line[23] message:[array_unshift() expects parameter 1 to be array, null given]
19-04-13 16:12:16:Error at file[/var/www/html/swoole/easyswoole/App/Lib/Cache/Video.php] line[28] message:[Invalid argument supplied for foreach()]
19-04-13 16:12:16:Error at file[/var/www/html/swoole/easyswoole/App/Lib/Cache/Video.php] line[23] message:[array_unshift() expects parameter 1 to be array, null given]
19-04-13 16:12:16:Error at file[/var/www/html/swoole/easyswoole/App/Lib/Cache/Video.php] line[28] message:[Invalid argument supplied for foreach()]
19-04-13 16:12:16:Error at file[/var/www/html/swoole/easyswoole/App/Lib/Cache/Video.php] line[23] message:[array_unshift() expects parameter 1 to be array, null given]
19-04-13 16:12:16:Error at file[/var/www/html/swoole/easyswoole/App/Lib/Cache/Video.php] line[28] message:[Invalid argument supplied for foreach()]
19-04-13 16:12:16:Error at file[/var/www/html/swoole/easyswoole/App/Lib/Cache/Video.php] line[23] message:[array_unshift() expects parameter 1 to be array, null given]
19-04-13 16:12:16:Error at file[/var/www/html/swoole/easyswoole/App/Lib/Cache/Video.php] line[28] message:[Invalid argument supplied for foreach()]
19-04-13 16:12:16:Error at file[/var/www/html/swoole/easyswoole/App/Lib/Cache/Video.php] line[23] message:[array_unshift() expects parameter 1 to be array, null given]
19-04-13 16:12:16:Error at file[/var/www/html/swoole/easyswoole/App/Lib/Cache/Video.php] line[28] message:[Invalid argument supplied for foreach()]
19-04-13 16:12:16:Error at file[/var/www/html/swoole/easyswoole/App/Lib/Cache/Video.php] line[23] message:[array_unshift() expects parameter 1 to be array, null given]
19-04-13 16:12:16:Error at file[/var/www/html/swoole/easyswoole/App/Lib/Cache/Video.php] line[28] message:[Invalid argument supplied for foreach()]
19-04-13 16:12:16:Error at file[/var/www/html/swoole/easyswoole/App/Lib/Cache/Video.php] line[23] message:[array_unshift() expects parameter 1 to be array, null given]
19-04-13 16:12:16:Error at file[/var/www/html/swoole/easyswoole/App/Lib/Cache/Video.php] line[28] message:[Invalid argument supplied for foreach()]
19-04-13 16:12:16:Error at file[/var/www/html/swoole/easyswoole/App/Lib/Cache/Video.php] line[23] message:[array_unshift() expects parameter 1 to be array, null given]
19-04-13 16:12:16:Error at file[/var/www/html/swoole/easyswoole/App/Lib/Cache/Video.php] line[28] message:[Invalid argument supplied for foreach()]
19-04-13 16:12:16:Error at file[/var/www/html/swoole/easyswoole/App/Lib/Cache/Video.php] line[23] message:[array_unshift() expects parameter 1 to be array, null given]
19-04-13 16:12:16:Error at file[/var/www/html/swoole/easyswoole/App/Lib/Cache/Video.php] line[28] message:[Invalid argument supplied for foreach()]
19-04-13 16:12:16:Error at file[/var/www/html/swoole/easyswoole/App/Lib/Cache/Video.php] line[23] message:[array_unshift() expects parameter 1 to be array, null given]
19-04-13 16:12:16:Error at file[/var/www/html/swoole/easyswoole/App/Lib/Cache/Video.php] line[28] message:[Invalid argument supplied for foreach()]
19-04-13 16:12:16:Error at file[/var/www/html/swoole/easyswoole/App/Lib/Cache/Video.php] line[23] message:[array_unshift() expects parameter 1 to be array, null given]
19-04-13 16:12:16:Error at file[/var/www/html/swoole/easyswoole/App/Lib/Cache/Video.php] line[28] message:[Invalid argument supplied for foreach()]
19-04-13 16:12:16:Error at file[/var/www/html/swoole/easyswoole/App/Lib/Cache/Video.php] line[23] message:[array_unshift() expects parameter 1 to be array, null given]
19-04-13 16:12:16:Error at file[/var/www/html/swoole/easyswoole/App/Lib/Cache/Video.php] line[23] message:[array_unshift() expects parameter 1 to be array, null given]
19-04-13 16:12:16:Error at file[/var/www/html/swoole/easyswoole/App/Lib/Cache/Video.php] line[28] message:[Invalid argument supplied for foreach()]
19-04-13 16:12:16:Error at file[/var/www/html/swoole/easyswoole/App/Lib/Cache/Video.php] line[28] message:[Invalid argument supplied for foreach()]
19-04-13 16:12:17:Error at file[/var/www/html/swoole/easyswoole/App/Lib/Cache/Video.php] line[23] message:[array_unshift() expects parameter 1 to be array, null given]
19-04-13 16:12:17:Error at file[/var/www/html/swoole/easyswoole/App/Lib/Cache/Video.php] line[28] message:[Invalid argument supplied for foreach()]
19-04-13 16:12:17:Error at file[/var/www/html/swoole/easyswoole/App/Lib/Cache/Video.php] line[23] message:[array_unshift() expects parameter 1 to be array, null given]
19-04-13 16:12:17:Error at file[/var/www/html/swoole/easyswoole/App/Lib/Cache/Video.php] line[28] message:[Invalid argument supplied for foreach()]
19-04-13 16:12:17:Error at file[/var/www/html/swoole/easyswoole/App/Lib/Cache/Video.php] line[23] message:[array_unshift() expects parameter 1 to be array, null given]
19-04-13 16:12:17:Error at file[/var/www/html/swoole/easyswoole/App/Lib/Cache/Video.php] line[28] message:[Invalid argument supplied for foreach()]
19-04-13 16:12:17:Error at file[/var/www/html/swoole/easyswoole/App/Lib/Cache/Video.php] line[23] message:[array_unshift() expects parameter 1 to be array, null given]
19-04-13 16:12:17:Error at file[/var/www/html/swoole/easyswoole/App/Lib/Cache/Video.php] line[28] message:[Invalid argument supplied for foreach()]
19-04-13 16:12:17:Error at file[/var/www/html/swoole/easyswoole/App/Lib/Cache/Video.php] line[23] message:[array_unshift() expects parameter 1 to be array, null given]
19-04-13 16:12:17:Error at file[/var/www/html/swoole/easyswoole/App/Lib/Cache/Video.php] line[28] message:[Invalid argument supplied for foreach()]
19-04-13 16:12:17:Error at file[/var/www/html/swoole/easyswoole/App/Lib/Cache/Video.php] line[23] message:[array_unshift() expects parameter 1 to be array, null given]
19-04-13 16:12:17:Error at file[/var/www/html/swoole/easyswoole/App/Lib/Cache/Video.php] line[28] message:[Invalid argument supplied for foreach()]
19-04-13 16:12:17:Error at file[/var/www/html/swoole/easyswoole/App/Lib/Cache/Video.php] line[23] message:[array_unshift() expects parameter 1 to be array, null given]
19-04-13 16:12:17:Error at file[/var/www/html/swoole/easyswoole/App/Lib/Cache/Video.php] line[28] message:[Invalid argument supplied for foreach()]
19-04-13 16:12:17:Error at file[/var/www/html/swoole/easyswoole/App/Lib/Cache/Video.php] line[23] message:[array_unshift() expects parameter 1 to be array, null given]
19-04-13 16:12:17:Error at file[/var/www/html/swoole/easyswoole/App/Lib/Cache/Video.php] line[28] message:[Invalid argument supplied for foreach()]
19-04-13 16:12:17:Error at file[/var/www/html/swoole/easyswoole/App/Lib/Cache/Video.php] line[23] message:[array_unshift() expects parameter 1 to be array, null given]
19-04-13 16:12:17:Error at file[/var/www/html/swoole/easyswoole/App/Lib/Cache/Video.php] line[28] message:[Invalid argument supplied for foreach()]
19-04-13 16:12:17:Error at file[/var/www/html/swoole/easyswoole/App/Lib/Cache/Video.php] line[23] message:[array_unshift() expects parameter 1 to be array, null given]
19-04-13 16:12:17:Error at file[/var/www/html/swoole/easyswoole/App/Lib/Cache/Video.php] line[28] message:[Invalid argument supplied for foreach()]
19-04-13 16:12:17:Error at file[/var/www/html/swoole/easyswoole/App/Lib/Cache/Video.php] line[23] message:[array_unshift() expects parameter 1 to be array, null given]
19-04-13 16:12:17:Error at file[/var/www/html/swoole/easyswoole/App/Lib/Cache/Video.php] line[28] message:[Invalid argument supplied for foreach()]
19-04-13 16:12:17:Error at file[/var/www/html/swoole/easyswoole/App/Lib/Cache/Video.php] line[23] message:[array_unshift() expects parameter 1 to be array, null given]
19-04-13 16:12:17:Error at file[/var/www/html/swoole/easyswoole/App/Lib/Cache/Video.php] line[28] message:[Invalid argument supplied for foreach()]
19-04-13 16:12:17:Error at file[/var/www/html/swoole/easyswoole/App/Lib/Cache/Video.php] line[23] message:[array_unshift() expects parameter 1 to be array, null given]
19-04-13 16:12:17:Error at file[/var/www/html/swoole/easyswoole/App/Lib/Cache/Video.php] line[28] message:[Invalid argument supplied for foreach()]
19-04-13 16:12:17:Error at file[/var/www/html/swoole/easyswoole/App/Lib/Cache/Video.php] line[23] message:[array_unshift() expects parameter 1 to be array, null given]
19-04-13 16:12:17:Error at file[/var/www/html/swoole/easyswoole/App/Lib/Cache/Video.php] line[23] message:[array_unshift() expects parameter 1 to be array, null given]
19-04-13 16:12:17:Error at file[/var/www/html/swoole/easyswoole/App/Lib/Cache/Video.php] line[28] message:[Invalid argument supplied for foreach()]
19-04-13 16:12:17:Error at file[/var/www/html/swoole/easyswoole/App/Lib/Cache/Video.php] line[28] message:[Invalid argument supplied for foreach()]
19-04-13 16:12:17:Error at file[/var/www/html/swoole/easyswoole/App/Lib/Cache/Video.php] line[23] message:[array_unshift() expects parameter 1 to be array, null given]
19-04-13 16:12:17:Error at file[/var/www/html/swoole/easyswoole/App/Lib/Cache/Video.php] line[28] message:[Invalid argument supplied for foreach()]
19-04-13 16:12:18:Error at file[/var/www/html/swoole/easyswoole/App/Lib/Cache/Video.php] line[23] message:[array_unshift() expects parameter 1 to be array, null given]
19-04-13 16:12:18:Error at file[/var/www/html/swoole/easyswoole/App/Lib/Cache/Video.php] line[28] message:[Invalid argument supplied for foreach()]
19-04-13 16:12:18:Error at file[/var/www/html/swoole/easyswoole/App/Lib/Cache/Video.php] line[23] message:[array_unshift() expects parameter 1 to be array, null given]
19-04-13 16:12:18:Error at file[/var/www/html/swoole/easyswoole/App/Lib/Cache/Video.php] line[28] message:[Invalid argument supplied for foreach()]
19-04-13 16:12:18:Error at file[/var/www/html/swoole/easyswoole/App/Lib/Cache/Video.php] line[23] message:[array_unshift() expects parameter 1 to be array, null given]
19-04-13 16:12:18:Error at file[/var/www/html/swoole/easyswoole/App/Lib/Cache/Video.php] line[28] message:[Invalid argument supplied for foreach()]
19-04-13 16:12:18:Error at file[/var/www/html/swoole/easyswoole/App/Lib/Cache/Video.php] line[23] message:[array_unshift() expects parameter 1 to be array, null given]
19-04-13 16:12:18:Error at file[/var/www/html/swoole/easyswoole/App/Lib/Cache/Video.php] line[28] message:[Invalid argument supplied for foreach()]
19-04-13 16:12:18:Error at file[/var/www/html/swoole/easyswoole/App/Lib/Cache/Video.php] line[23] message:[array_unshift() expects parameter 1 to be array, null given]
19-04-13 16:12:18:Error at file[/var/www/html/swoole/easyswoole/App/Lib/Cache/Video.php] line[28] message:[Invalid argument supplied for foreach()]
19-04-13 16:12:18:Error at file[/var/www/html/swoole/easyswoole/App/Lib/Cache/Video.php] line[23] message:[array_unshift() expects parameter 1 to be array, null given]
19-04-13 16:12:18:Error at file[/var/www/html/swoole/easyswoole/App/Lib/Cache/Video.php] line[28] message:[Invalid argument supplied for foreach()]
19-04-13 16:12:18:Error at file[/var/www/html/swoole/easyswoole/App/Lib/Cache/Video.php] line[23] message:[array_unshift() expects parameter 1 to be array, null given]
19-04-13 16:12:18:Error at file[/var/www/html/swoole/easyswoole/App/Lib/Cache/Video.php] line[28] message:[Invalid argument supplied for foreach()]
19-04-13 16:12:18:Error at file[/var/www/html/swoole/easyswoole/App/Lib/Cache/Video.php] line[23] message:[array_unshift() expects parameter 1 to be array, null given]
19-04-13 16:12:18:Error at file[/var/www/html/swoole/easyswoole/App/Lib/Cache/Video.php] line[28] message:[Invalid argument supplied for foreach()]
19-04-13 16:12:18:Error at file[/var/www/html/swoole/easyswoole/App/Lib/Cache/Video.php] line[23] message:[array_unshift() expects parameter 1 to be array, null given]
19-04-13 16:12:18:Error at file[/var/www/html/swoole/easyswoole/App/Lib/Cache/Video.php] line[28] message:[Invalid argument supplied for foreach()]
19-04-13 16:12:18:Error at file[/var/www/html/swoole/easyswoole/App/Lib/Cache/Video.php] line[23] message:[array_unshift() expects parameter 1 to be array, null given]
19-04-13 16:12:18:Error at file[/var/www/html/swoole/easyswoole/App/Lib/Cache/Video.php] line[28] message:[Invalid argument supplied for foreach()]
19-04-13 16:12:18:Error at file[/var/www/html/swoole/easyswoole/App/Lib/Cache/Video.php] line[23] message:[array_unshift() expects parameter 1 to be array, null given]
19-04-13 16:12:18:Error at file[/var/www/html/swoole/easyswoole/App/Lib/Cache/Video.php] line[28] message:[Invalid argument supplied for foreach()]
19-04-13 16:12:18:Error at file[/var/www/html/swoole/easyswoole/App/Lib/Cache/Video.php] line[23] message:[array_unshift() expects parameter 1 to be array, null given]
19-04-13 16:12:18:Error at file[/var/www/html/swoole/easyswoole/App/Lib/Cache/Video.php] line[28] message:[Invalid argument supplied for foreach()]
19-04-13 16:12:18:Error at file[/var/www/html/swoole/easyswoole/App/Lib/Cache/Video.php] line[23] message:[array_unshift() expects parameter 1 to be array, null given]
19-04-13 16:12:18:Error at file[/var/www/html/swoole/easyswoole/App/Lib/Cache/Video.php] line[28] message:[Invalid argument supplied for foreach()]
19-04-13 16:12:18:Error at file[/var/www/html/swoole/easyswoole/App/Lib/Cache/Video.php] line[23] message:[array_unshift() expects parameter 1 to be array, null given]
19-04-13 16:12:18:Error at file[/var/www/html/swoole/easyswoole/App/Lib/Cache/Video.php] line[23] message:[array_unshift() expects parameter 1 to be array, null given]
19-04-13 16:12:18:Error at file[/var/www/html/swoole/easyswoole/App/Lib/Cache/Video.php] line[23] message:[array_unshift() expects parameter 1 to be array, null given]
19-04-13 16:12:18:Error at file[/var/www/html/swoole/easyswoole/App/Lib/Cache/Video.php] line[28] message:[Invalid argument supplied for foreach()]
19-04-13 16:12:18:Error at file[/var/www/html/swoole/easyswoole/App/Lib/Cache/Video.php] line[28] message:[Invalid argument supplied for foreach()]
19-04-13 16:12:18:Error at file[/var/www/html/swoole/easyswoole/App/Lib/Cache/Video.php] line[28] message:[Invalid argument supplied for foreach()]
19-04-13 16:12:19:Error at file[/var/www/html/swoole/easyswoole/App/Lib/Cache/Video.php] line[23] message:[array_unshift() expects parameter 1 to be array, null given]
19-04-13 16:12:19:Error at file[/var/www/html/swoole/easyswoole/App/Lib/Cache/Video.php] line[28] message:[Invalid argument supplied for foreach()]
19-04-13 16:12:19:Error at file[/var/www/html/swoole/easyswoole/App/Lib/Cache/Video.php] line[23] message:[array_unshift() expects parameter 1 to be array, null given]
19-04-13 16:12:19:Error at file[/var/www/html/swoole/easyswoole/App/Lib/Cache/Video.php] line[28] message:[Invalid argument supplied for foreach()]
19-04-13 16:12:19:Error at file[/var/www/html/swoole/easyswoole/App/Lib/Cache/Video.php] line[23] message:[array_unshift() expects parameter 1 to be array, null given]
19-04-13 16:12:19:Error at file[/var/www/html/swoole/easyswoole/App/Lib/Cache/Video.php] line[23] message:[array_unshift() expects parameter 1 to be array, null given]
19-04-13 16:12:19:Error at file[/var/www/html/swoole/easyswoole/App/Lib/Cache/Video.php] line[28] message:[Invalid argument supplied for foreach()]
19-04-13 16:12:19:Error at file[/var/www/html/swoole/easyswoole/App/Lib/Cache/Video.php] line[28] message:[Invalid argument supplied for foreach()]
19-04-13 16:12:19:Error at file[/var/www/html/swoole/easyswoole/App/Lib/Cache/Video.php] line[23] message:[array_unshift() expects parameter 1 to be array, null given]
19-04-13 16:12:19:Error at file[/var/www/html/swoole/easyswoole/App/Lib/Cache/Video.php] line[23] message:[array_unshift() expects parameter 1 to be array, null given]
19-04-13 16:12:19:Error at file[/var/www/html/swoole/easyswoole/App/Lib/Cache/Video.php] line[28] message:[Invalid argument supplied for foreach()]
19-04-13 16:12:19:Error at file[/var/www/html/swoole/easyswoole/App/Lib/Cache/Video.php] line[28] message:[Invalid argument supplied for foreach()]
19-04-13 16:12:19:Error at file[/var/www/html/swoole/easyswoole/App/Lib/Cache/Video.php] line[23] message:[array_unshift() expects parameter 1 to be array, null given]
19-04-13 16:12:19:Error at file[/var/www/html/swoole/easyswoole/App/Lib/Cache/Video.php] line[28] message:[Invalid argument supplied for foreach()]
19-04-13 16:12:19:Error at file[/var/www/html/swoole/easyswoole/App/Lib/Cache/Video.php] line[23] message:[array_unshift() expects parameter 1 to be array, null given]
19-04-13 16:12:19:Error at file[/var/www/html/swoole/easyswoole/App/Lib/Cache/Video.php] line[28] message:[Invalid argument supplied for foreach()]
19-04-13 16:12:19:Error at file[/var/www/html/swoole/easyswoole/App/Lib/Cache/Video.php] line[23] message:[array_unshift() expects parameter 1 to be array, null given]
19-04-13 16:12:19:Error at file[/var/www/html/swoole/easyswoole/App/Lib/Cache/Video.php] line[28] message:[Invalid argument supplied for foreach()]
19-04-13 16:12:19:Error at file[/var/www/html/swoole/easyswoole/App/Lib/Cache/Video.php] line[23] message:[array_unshift() expects parameter 1 to be array, null given]
19-04-13 16:12:19:Error at file[/var/www/html/swoole/easyswoole/App/Lib/Cache/Video.php] line[28] message:[Invalid argument supplied for foreach()]
19-04-13 16:12:19:Error at file[/var/www/html/swoole/easyswoole/App/Lib/Cache/Video.php] line[23] message:[array_unshift() expects parameter 1 to be array, null given]
19-04-13 16:12:19:Error at file[/var/www/html/swoole/easyswoole/App/Lib/Cache/Video.php] line[28] message:[Invalid argument supplied for foreach()]
19-04-13 16:12:19:Error at file[/var/www/html/swoole/easyswoole/App/Lib/Cache/Video.php] line[23] message:[array_unshift() expects parameter 1 to be array, null given]
19-04-13 16:12:19:Error at file[/var/www/html/swoole/easyswoole/App/Lib/Cache/Video.php] line[28] message:[Invalid argument supplied for foreach()]
19-04-13 16:12:19:Error at file[/var/www/html/swoole/easyswoole/App/Lib/Cache/Video.php] line[23] message:[array_unshift() expects parameter 1 to be array, null given]
19-04-13 16:12:19:Error at file[/var/www/html/swoole/easyswoole/App/Lib/Cache/Video.php] line[28] message:[Invalid argument supplied for foreach()]
19-04-13 16:12:19:Error at file[/var/www/html/swoole/easyswoole/App/Lib/Cache/Video.php] line[23] message:[array_unshift() expects parameter 1 to be array, null given]
19-04-13 16:12:19:Error at file[/var/www/html/swoole/easyswoole/App/Lib/Cache/Video.php] line[28] message:[Invalid argument supplied for foreach()]
19-04-13 16:12:19:Error at file[/var/www/html/swoole/easyswoole/App/Lib/Cache/Video.php] line[23] message:[array_unshift() expects parameter 1 to be array, null given]
19-04-13 16:12:19:Error at file[/var/www/html/swoole/easyswoole/App/Lib/Cache/Video.php] line[28] message:[Invalid argument supplied for foreach()]
19-04-13 16:12:19:Error at file[/var/www/html/swoole/easyswoole/App/Lib/Cache/Video.php] line[23] message:[array_unshift() expects parameter 1 to be array, null given]
19-04-13 16:12:19:Error at file[/var/www/html/swoole/easyswoole/App/Lib/Cache/Video.php] line[28] message:[Invalid argument supplied for foreach()]
19-04-13 16:12:20:Error at file[/var/www/html/swoole/easyswoole/App/Lib/Cache/Video.php] line[23] message:[array_unshift() expects parameter 1 to be array, null given]
19-04-13 16:12:20:Error at file[/var/www/html/swoole/easyswoole/App/Lib/Cache/Video.php] line[28] message:[Invalid argument supplied for foreach()]
19-04-13 16:12:20:Error at file[/var/www/html/swoole/easyswoole/App/Lib/Cache/Video.php] line[23] message:[array_unshift() expects parameter 1 to be array, null given]
19-04-13 16:12:20:Error at file[/var/www/html/swoole/easyswoole/App/Lib/Cache/Video.php] line[28] message:[Invalid argument supplied for foreach()]
19-04-13 16:12:20:Error at file[/var/www/html/swoole/easyswoole/App/Lib/Cache/Video.php] line[23] message:[array_unshift() expects parameter 1 to be array, null given]
19-04-13 16:12:20:Error at file[/var/www/html/swoole/easyswoole/App/Lib/Cache/Video.php] line[28] message:[Invalid argument supplied for foreach()]
19-04-13 16:12:20:Error at file[/var/www/html/swoole/easyswoole/App/Lib/Cache/Video.php] line[23] message:[array_unshift() expects parameter 1 to be array, null given]
19-04-13 16:12:20:Error at file[/var/www/html/swoole/easyswoole/App/Lib/Cache/Video.php] line[28] message:[Invalid argument supplied for foreach()]
19-04-13 16:12:20:Error at file[/var/www/html/swoole/easyswoole/App/Lib/Cache/Video.php] line[23] message:[array_unshift() expects parameter 1 to be array, null given]
19-04-13 16:12:20:Error at file[/var/www/html/swoole/easyswoole/App/Lib/Cache/Video.php] line[28] message:[Invalid argument supplied for foreach()]
19-04-13 16:12:20:Error at file[/var/www/html/swoole/easyswoole/App/Lib/Cache/Video.php] line[23] message:[array_unshift() expects parameter 1 to be array, null given]
19-04-13 16:12:20:Error at file[/var/www/html/swoole/easyswoole/App/Lib/Cache/Video.php] line[28] message:[Invalid argument supplied for foreach()]
19-04-13 16:12:20:Error at file[/var/www/html/swoole/easyswoole/App/Lib/Cache/Video.php] line[23] message:[array_unshift() expects parameter 1 to be array, null given]
19-04-13 16:12:20:Error at file[/var/www/html/swoole/easyswoole/App/Lib/Cache/Video.php] line[28] message:[Invalid argument supplied for foreach()]
19-04-13 16:12:20:Error at file[/var/www/html/swoole/easyswoole/App/Lib/Cache/Video.php] line[23] message:[array_unshift() expects parameter 1 to be array, null given]
19-04-13 16:12:20:Error at file[/var/www/html/swoole/easyswoole/App/Lib/Cache/Video.php] line[28] message:[Invalid argument supplied for foreach()]
19-04-13 16:12:20:Error at file[/var/www/html/swoole/easyswoole/App/Lib/Cache/Video.php] line[23] message:[array_unshift() expects parameter 1 to be array, null given]
19-04-13 16:12:20:Error at file[/var/www/html/swoole/easyswoole/App/Lib/Cache/Video.php] line[28] message:[Invalid argument supplied for foreach()]
19-04-13 16:12:20:Error at file[/var/www/html/swoole/easyswoole/App/Lib/Cache/Video.php] line[23] message:[array_unshift() expects parameter 1 to be array, null given]
19-04-13 16:12:20:Error at file[/var/www/html/swoole/easyswoole/App/Lib/Cache/Video.php] line[28] message:[Invalid argument supplied for foreach()]
19-04-13 16:12:20:Error at file[/var/www/html/swoole/easyswoole/App/Lib/Cache/Video.php] line[23] message:[array_unshift() expects parameter 1 to be array, null given]
19-04-13 16:12:20:Error at file[/var/www/html/swoole/easyswoole/App/Lib/Cache/Video.php] line[28] message:[Invalid argument supplied for foreach()]
19-04-13 16:12:20:Error at file[/var/www/html/swoole/easyswoole/App/Lib/Cache/Video.php] line[23] message:[array_unshift() expects parameter 1 to be array, null given]
19-04-13 16:12:20:Error at file[/var/www/html/swoole/easyswoole/App/Lib/Cache/Video.php] line[28] message:[Invalid argument supplied for foreach()]
19-04-13 16:12:20:Error at file[/var/www/html/swoole/easyswoole/App/Lib/Cache/Video.php] line[23] message:[array_unshift() expects parameter 1 to be array, null given]
19-04-13 16:12:20:Error at file[/var/www/html/swoole/easyswoole/App/Lib/Cache/Video.php] line[28] message:[Invalid argument supplied for foreach()]
19-04-13 16:12:20:Error at file[/var/www/html/swoole/easyswoole/App/Lib/Cache/Video.php] line[23] message:[array_unshift() expects parameter 1 to be array, null given]
19-04-13 16:12:20:Error at file[/var/www/html/swoole/easyswoole/App/Lib/Cache/Video.php] line[28] message:[Invalid argument supplied for foreach()]
19-04-13 16:12:20:Error at file[/var/www/html/swoole/easyswoole/App/Lib/Cache/Video.php] line[23] message:[array_unshift() expects parameter 1 to be array, null given]
19-04-13 16:12:20:Error at file[/var/www/html/swoole/easyswoole/App/Lib/Cache/Video.php] line[23] message:[array_unshift() expects parameter 1 to be array, null given]
19-04-13 16:12:20:Error at file[/var/www/html/swoole/easyswoole/App/Lib/Cache/Video.php] line[28] message:[Invalid argument supplied for foreach()]
19-04-13 16:12:20:Error at file[/var/www/html/swoole/easyswoole/App/Lib/Cache/Video.php] line[28] message:[Invalid argument supplied for foreach()]
19-04-13 16:12:21:Error at file[/var/www/html/swoole/easyswoole/App/Lib/Cache/Video.php] line[23] message:[array_unshift() expects parameter 1 to be array, null given]
19-04-13 16:12:21:Error at file[/var/www/html/swoole/easyswoole/App/Lib/Cache/Video.php] line[28] message:[Invalid argument supplied for foreach()]
19-04-13 16:12:21:Error at file[/var/www/html/swoole/easyswoole/App/Lib/Cache/Video.php] line[23] message:[array_unshift() expects parameter 1 to be array, null given]
19-04-13 16:12:21:Error at file[/var/www/html/swoole/easyswoole/App/Lib/Cache/Video.php] line[28] message:[Invalid argument supplied for foreach()]
19-04-13 16:12:21:Error at file[/var/www/html/swoole/easyswoole/App/Lib/Cache/Video.php] line[23] message:[array_unshift() expects parameter 1 to be array, null given]
19-04-13 16:12:21:Error at file[/var/www/html/swoole/easyswoole/App/Lib/Cache/Video.php] line[28] message:[Invalid argument supplied for foreach()]
19-04-13 16:12:21:Error at file[/var/www/html/swoole/easyswoole/App/Lib/Cache/Video.php] line[23] message:[array_unshift() expects parameter 1 to be array, null given]
19-04-13 16:12:21:Error at file[/var/www/html/swoole/easyswoole/App/Lib/Cache/Video.php] line[28] message:[Invalid argument supplied for foreach()]
19-04-13 16:12:21:Error at file[/var/www/html/swoole/easyswoole/App/Lib/Cache/Video.php] line[23] message:[array_unshift() expects parameter 1 to be array, null given]
19-04-13 16:12:21:Error at file[/var/www/html/swoole/easyswoole/App/Lib/Cache/Video.php] line[28] message:[Invalid argument supplied for foreach()]
19-04-13 16:12:21:Error at file[/var/www/html/swoole/easyswoole/App/Lib/Cache/Video.php] line[23] message:[array_unshift() expects parameter 1 to be array, null given]
19-04-13 16:12:21:Error at file[/var/www/html/swoole/easyswoole/App/Lib/Cache/Video.php] line[28] message:[Invalid argument supplied for foreach()]
19-04-13 16:12:21:Error at file[/var/www/html/swoole/easyswoole/App/Lib/Cache/Video.php] line[23] message:[array_unshift() expects parameter 1 to be array, null given]
19-04-13 16:12:21:Error at file[/var/www/html/swoole/easyswoole/App/Lib/Cache/Video.php] line[28] message:[Invalid argument supplied for foreach()]
19-04-13 16:12:21:Error at file[/var/www/html/swoole/easyswoole/App/Lib/Cache/Video.php] line[23] message:[array_unshift() expects parameter 1 to be array, null given]
19-04-13 16:12:21:Error at file[/var/www/html/swoole/easyswoole/App/Lib/Cache/Video.php] line[28] message:[Invalid argument supplied for foreach()]
19-04-13 16:12:21:Error at file[/var/www/html/swoole/easyswoole/App/Lib/Cache/Video.php] line[23] message:[array_unshift() expects parameter 1 to be array, null given]
19-04-13 16:12:21:Error at file[/var/www/html/swoole/easyswoole/App/Lib/Cache/Video.php] line[28] message:[Invalid argument supplied for foreach()]
19-04-13 16:12:21:Error at file[/var/www/html/swoole/easyswoole/App/Lib/Cache/Video.php] line[23] message:[array_unshift() expects parameter 1 to be array, null given]
19-04-13 16:12:21:Error at file[/var/www/html/swoole/easyswoole/App/Lib/Cache/Video.php] line[28] message:[Invalid argument supplied for foreach()]
19-04-13 16:12:21:Error at file[/var/www/html/swoole/easyswoole/App/Lib/Cache/Video.php] line[23] message:[array_unshift() expects parameter 1 to be array, null given]
19-04-13 16:12:21:Error at file[/var/www/html/swoole/easyswoole/App/Lib/Cache/Video.php] line[28] message:[Invalid argument supplied for foreach()]
19-04-13 16:12:21:Error at file[/var/www/html/swoole/easyswoole/App/Lib/Cache/Video.php] line[23] message:[array_unshift() expects parameter 1 to be array, null given]
19-04-13 16:12:21:Error at file[/var/www/html/swoole/easyswoole/App/Lib/Cache/Video.php] line[28] message:[Invalid argument supplied for foreach()]
19-04-13 16:12:21:Error at file[/var/www/html/swoole/easyswoole/App/Lib/Cache/Video.php] line[23] message:[array_unshift() expects parameter 1 to be array, null given]
19-04-13 16:12:21:Error at file[/var/www/html/swoole/easyswoole/App/Lib/Cache/Video.php] line[28] message:[Invalid argument supplied for foreach()]
19-04-13 16:12:21:Error at file[/var/www/html/swoole/easyswoole/App/Lib/Cache/Video.php] line[23] message:[array_unshift() expects parameter 1 to be array, null given]
19-04-13 16:12:21:Error at file[/var/www/html/swoole/easyswoole/App/Lib/Cache/Video.php] line[28] message:[Invalid argument supplied for foreach()]
19-04-13 16:12:21:Error at file[/var/www/html/swoole/easyswoole/App/Lib/Cache/Video.php] line[23] message:[array_unshift() expects parameter 1 to be array, null given]
19-04-13 16:12:21:Error at file[/var/www/html/swoole/easyswoole/App/Lib/Cache/Video.php] line[28] message:[Invalid argument supplied for foreach()]
19-04-13 16:12:21:Error at file[/var/www/html/swoole/easyswoole/App/Lib/Cache/Video.php] line[23] message:[array_unshift() expects parameter 1 to be array, null given]
19-04-13 16:12:21:Error at file[/var/www/html/swoole/easyswoole/App/Lib/Cache/Video.php] line[28] message:[Invalid argument supplied for foreach()]
19-04-13 16:12:22:Error at file[/var/www/html/swoole/easyswoole/App/Lib/Cache/Video.php] line[23] message:[array_unshift() expects parameter 1 to be array, null given]
19-04-13 16:12:22:Error at file[/var/www/html/swoole/easyswoole/App/Lib/Cache/Video.php] line[28] message:[Invalid argument supplied for foreach()]
19-04-13 16:12:22:Error at file[/var/www/html/swoole/easyswoole/App/Lib/Cache/Video.php] line[23] message:[array_unshift() expects parameter 1 to be array, null given]
19-04-13 16:12:22:Error at file[/var/www/html/swoole/easyswoole/App/Lib/Cache/Video.php] line[28] message:[Invalid argument supplied for foreach()]
19-04-13 16:12:22:Error at file[/var/www/html/swoole/easyswoole/App/Lib/Cache/Video.php] line[23] message:[array_unshift() expects parameter 1 to be array, null given]
19-04-13 16:12:22:Error at file[/var/www/html/swoole/easyswoole/App/Lib/Cache/Video.php] line[28] message:[Invalid argument supplied for foreach()]
19-04-13 16:12:22:Error at file[/var/www/html/swoole/easyswoole/App/Lib/Cache/Video.php] line[23] message:[array_unshift() expects parameter 1 to be array, null given]
19-04-13 16:12:22:Error at file[/var/www/html/swoole/easyswoole/App/Lib/Cache/Video.php] line[28] message:[Invalid argument supplied for foreach()]
19-04-13 16:12:22:Error at file[/var/www/html/swoole/easyswoole/App/Lib/Cache/Video.php] line[23] message:[array_unshift() expects parameter 1 to be array, null given]
19-04-13 16:12:22:Error at file[/var/www/html/swoole/easyswoole/App/Lib/Cache/Video.php] line[28] message:[Invalid argument supplied for foreach()]
19-04-13 16:12:22:Error at file[/var/www/html/swoole/easyswoole/App/Lib/Cache/Video.php] line[23] message:[array_unshift() expects parameter 1 to be array, null given]
19-04-13 16:12:22:Error at file[/var/www/html/swoole/easyswoole/App/Lib/Cache/Video.php] line[28] message:[Invalid argument supplied for foreach()]
19-04-13 16:12:22:Error at file[/var/www/html/swoole/easyswoole/App/Lib/Cache/Video.php] line[23] message:[array_unshift() expects parameter 1 to be array, null given]
19-04-13 16:12:22:Error at file[/var/www/html/swoole/easyswoole/App/Lib/Cache/Video.php] line[28] message:[Invalid argument supplied for foreach()]
19-04-13 16:12:22:Error at file[/var/www/html/swoole/easyswoole/App/Lib/Cache/Video.php] line[23] message:[array_unshift() expects parameter 1 to be array, null given]
19-04-13 16:12:22:Error at file[/var/www/html/swoole/easyswoole/App/Lib/Cache/Video.php] line[28] message:[Invalid argument supplied for foreach()]
19-04-13 16:12:22:Error at file[/var/www/html/swoole/easyswoole/App/Lib/Cache/Video.php] line[23] message:[array_unshift() expects parameter 1 to be array, null given]
19-04-13 16:12:22:Error at file[/var/www/html/swoole/easyswoole/App/Lib/Cache/Video.php] line[28] message:[Invalid argument supplied for foreach()]
19-04-13 16:12:22:Error at file[/var/www/html/swoole/easyswoole/App/Lib/Cache/Video.php] line[23] message:[array_unshift() expects parameter 1 to be array, null given]
19-04-13 16:12:22:Error at file[/var/www/html/swoole/easyswoole/App/Lib/Cache/Video.php] line[28] message:[Invalid argument supplied for foreach()]
19-04-13 16:12:22:Error at file[/var/www/html/swoole/easyswoole/App/Lib/Cache/Video.php] line[23] message:[array_unshift() expects parameter 1 to be array, null given]
19-04-13 16:12:22:Error at file[/var/www/html/swoole/easyswoole/App/Lib/Cache/Video.php] line[28] message:[Invalid argument supplied for foreach()]
19-04-13 16:12:22:Error at file[/var/www/html/swoole/easyswoole/App/Lib/Cache/Video.php] line[23] message:[array_unshift() expects parameter 1 to be array, null given]
19-04-13 16:12:22:Error at file[/var/www/html/swoole/easyswoole/App/Lib/Cache/Video.php] line[28] message:[Invalid argument supplied for foreach()]
19-04-13 16:12:22:Error at file[/var/www/html/swoole/easyswoole/App/Lib/Cache/Video.php] line[23] message:[array_unshift() expects parameter 1 to be array, null given]
19-04-13 16:12:22:Error at file[/var/www/html/swoole/easyswoole/App/Lib/Cache/Video.php] line[28] message:[Invalid argument supplied for foreach()]
19-04-13 16:12:22:Error at file[/var/www/html/swoole/easyswoole/App/Lib/Cache/Video.php] line[23] message:[array_unshift() expects parameter 1 to be array, null given]
19-04-13 16:12:22:Error at file[/var/www/html/swoole/easyswoole/App/Lib/Cache/Video.php] line[28] message:[Invalid argument supplied for foreach()]
19-04-13 16:12:22:Error at file[/var/www/html/swoole/easyswoole/App/Lib/Cache/Video.php] line[23] message:[array_unshift() expects parameter 1 to be array, null given]
19-04-13 16:12:22:Error at file[/var/www/html/swoole/easyswoole/App/Lib/Cache/Video.php] line[28] message:[Invalid argument supplied for foreach()]
19-04-13 16:12:22:Error at file[/var/www/html/swoole/easyswoole/App/Lib/Cache/Video.php] line[23] message:[array_unshift() expects parameter 1 to be array, null given]
19-04-13 16:12:22:Error at file[/var/www/html/swoole/easyswoole/App/Lib/Cache/Video.php] line[28] message:[Invalid argument supplied for foreach()]
